[debug] [2021-03-26T14:04:58.021Z] ----------------------------------------------------------------------
[debug] [2021-03-26T14:04:58.023Z] Command:       /home/emmanuel/.nvm/versions/node/v12.18.3/bin/node /home/emmanuel/.nvm/versions/node/v12.18.3/bin/firebase init
[debug] [2021-03-26T14:04:58.024Z] CLI Version:   9.8.0
[debug] [2021-03-26T14:04:58.024Z] Platform:      linux
[debug] [2021-03-26T14:04:58.024Z] Node Version:  v12.18.3
[debug] [2021-03-26T14:04:58.025Z] Time:          Fri Mar 26 2021 15:04:58 GMT+0100 (West Africa Standard Time)
[debug] [2021-03-26T14:04:58.025Z] ----------------------------------------------------------------------
[debug] 
[debug] [2021-03-26T14:04:58.033Z] > command requires scopes: ["email","openid","https://www.googleapis.com/auth/cloudplatformprojects.readonly","https://www.googleapis.com/auth/firebase","https://www.googleapis.com/auth/cloud-platform"]
[debug] [2021-03-26T14:04:58.034Z] > authorizing via signed-in user
[info] 
     ######## #### ########  ######## ########     ###     ######  ########
     ##        ##  ##     ## ##       ##     ##  ##   ##  ##       ##
     ######    ##  ########  ######   ########  #########  ######  ######
     ##        ##  ##    ##  ##       ##     ## ##     ##       ## ##
     ##       #### ##     ## ######## ########  ##     ##  ######  ########

You're about to initialize a Firebase project in this directory:

  /home/emmanuel/project/react/goemall

Before we get started, keep in mind:

  * You are initializing in an existing Firebase project directory

